Sequence 'DINQ01000011.1' (310624 bp)

CRISPR 1   Range: 52595 - 55263
POSITION	REPEAT				SPACER
--------	------------------------------------	-----------------------------
52595		GTTGTGATTTGATTAGGAATTCAAGCTTAAGACATT	TGAAATGTATAGGCGGCGCTGCTGGTTTTA	[ 36, 30 ]
52661		GTTGTGATTTGATTAGGAATTCAAGCTTAAGACATT	TGCAATGGCACAGGGCAGGTGCAATACAAC	[ 36, 30 ]
52727		GTTGTGATTTGATTAGGAATTCAAGCTTAAGACATT	AATCAGCACATTAATAAAAATAGCCGGTGA	[ 36, 30 ]
52793		GTTGTGATTTGATTAGGAATTCAAGCTTAAGACATT	AATGAACGACCTAAAAAAACTACTCAACAA	[ 36, 30 ]
52859		GTTGTGATTTGATTAGGAATTCAAGCTTAAGACATT	AAAAGTACACCAGCACAACAAAACCGAACT	[ 36, 30 ]
52925		GTTGTGATTTGATTAGGAATTCAAGCTTAAGACATT	CTTTACGGGGCGCTTGCTTCCGGGTGCCGA	[ 36, 30 ]
52991		GTTGTGATTTGATTAGGAATTCAAGCTTAAGACATT	ACAACTTTGAAATTAACCTTCCATTAACCC	[ 36, 30 ]
53057		GTTGTGATTTGATTAGGAATTCAAGCTTAAGACATT	AAAACTTTGCAAAATGAAATTGCAAGCCTA	[ 36, 30 ]
53123		GTTGTGATTTGATTAGGAATTCAAGCTTAAGACATT	AATGCAAAAATTATCATTCGTCTCGAACTT	[ 36, 30 ]
53189		GTTGTGATTTGATTAGGAATTCAAGCTTAAGACATT	GGACAAGTAGGCATTGAGTATGACATTATG	[ 36, 30 ]
53255		GTTGTGATTTGATTAGGAATTCAAGCTTAAGACATT	TGATGTCGCGCATGAATGGGATACGTCTGG	[ 36, 30 ]
53321		GTTGTGATTTGATTAGGAATTCAAGCTTAAGACATT	TCCGGCTCTTTTTACTTGAGCATATTCACG	[ 36, 30 ]
53387		GTTGTGATTTGATTAGGAATTCAAGCTTAAGACATT	TTTTTTTCTAAGCTCGAGGAGTACATGT	[ 36, 28 ]
53451		GTTGTGATTTGATTAGGAATTCAAGCTTAAGACATT	CCAGAACCGAACGCGACGGGCAGCACGTTT	[ 36, 30 ]
53517		GTTGTGATTTGATTAGGAATTCAAGCTTAAGACATT	GTTGGTGCTTTGCGCGCTGATTCGATAAGG	[ 36, 30 ]
53583		GTTGTGATTTGATTAGGAATTCAAGCTTAAGACATT	ATCATTTTTTTCGTGCCACAGCCCGACGGC	[ 36, 30 ]
53649		GTTGTGATTTGATTAGGAATTCAAGCTTAAGACATT	AGAGAGTATTTGCAAAATTGTCCGTTCAG	[ 36, 29 ]
53714		GTTGTGATTTGATTAGGAATTCAAGCTTAAGACATT	TATGCTTACTTCATCGAGCGGTTTGATTTT	[ 36, 30 ]
53780		GTTGTGATTTGATTAGGAATTCAAGCTTAAGACATT	GGTGCGGTCGAAACGGTTGAGGCGCTGCA	[ 36, 29 ]
53845		GTTGTGATTTGATTAGGAATTCAAGCTTAAGACATT	CCGCCAATCCACATCAATGCTTTTTGCCAC	[ 36, 30 ]
53911		GTTGTGATTTGATTAGGAATTCAAGCTTAAGACATT	TCTTTACTGTCTGCAAAATATTGTTTAATA	[ 36, 30 ]
53977		GTTGTGATTTGATTAGGAATTCAAGCTTAAGACATT	AGACTGCCAGCGCGTTACAATCGAAACACA	[ 36, 30 ]
54043		GTTGTGATTTGATTAGGAATTCAAGCTTAAGACATT	CCTGAGTTTCATAAGGCACTTAACGCTATT	[ 36, 30 ]
54109		GTTGTGATTTGATTAGGAATTCAAGCTTAAGACATT	CTCGATCGCTTCAATTGCCGCGTGGTTGAG	[ 36, 30 ]
54175		GTTGTGATTTGATTAGGAATTCAAGCTTAAGACATT	AATCAAAACAATTTTGCTGTGGTTTTTAGTT	[ 36, 31 ]
54242		GTTGTGATTTGATTAGGAATTCAAGCTTAAGACATT	CTTCCGATTTTACCACCTTACGTAGCAGG	[ 36, 29 ]
54307		GTTGTGATTTGATTAGGAATTCAAGCTTAAGACATT	TACGATTTGGAAAACGTTCGACTGCTGCCT	[ 36, 30 ]
54373		GTTGTGATTTGATTAGGAATTCAAGCTTAAGACATT	CATTTCGTCGTCGGCCTGCTTACCGTTCAT	[ 36, 30 ]
54439		GTTGTGATTTGATTAGGAATTCAAGCTTAAGACATT	TTAAGCGTGTAGTATCATGGAAGAGTTAA	[ 36, 29 ]
54504		GTTGTGATTTGATTAGGAATTCAAGCTTAAGACATT	GTGGAGGTGATGAAGAGCTAACCACACCCC	[ 36, 30 ]
54570		GTTGTGATTTGATTAGGAATTCAAGCTTAAGACATT	TCAGAACCATGCCACATGCACTCATGCCGT	[ 36, 30 ]
54636		GTTGTGATTTGATTAGGAATTCAAGCTTAAGACATT	CTGGTAGAATGAATTTAATGTCCATAACCT	[ 36, 30 ]
54702		GTTGTGATTTGATTAGGAATTCAAGCTTAAGACATT	CTGTTTTACTTCGTGTTGTTGGCTCATTA	[ 36, 29 ]
54767		GTTGTGATTTGATTAGGAATTCAAGCTTAAGACATT	AAACATGATCGCAACCATGAGGAAAACCGC	[ 36, 30 ]
54833		GTTGTGATTTGATTAGGAATTCAAGCTTAAGACATT	CAGCCGCCGACAACACCAAAACCGGAACCA	[ 36, 30 ]
54899		GTTGTGATTTGATTAGGAATTCAAGCTTAAGACATT	TCCTATCGATCACGCTCTTATGCACAAATG	[ 36, 30 ]
54965		GTTGTGATTTGATTAGGAATTCAAGCTTAAGACATT	GTATTGGAAAGGCTTGTGAGTTCGGTTGCT	[ 36, 30 ]
55031		GTTGTGATTTGATTAGGAATTCAAGCTTAAGACATT	TCGGTCCATTTTTCGTTGTAAGCGATAGT	[ 36, 29 ]
55096		GTTGTGATTTGATTAGGAATTCAAGCTTAAGACATT	AATAGAAGCACCCACCAAAAGCTGGCAGAA	[ 36, 30 ]
55162		GTTGTGATTTGATTAGGAATTCAAGCTTAAGACATT	TCAAGTTCGATGCTGTTCGTGATCTCGTGA	[ 36, 30 ]
55228		GTTGTGATTTGGTTAGGAAGTCAAGTCTACTTCCCT	
--------	------------------------------------	-----------------------------
Repeats: 41	Average Length: 36		Average Length: 29

Time to find repeats: 44 ms


