================================================================
Program: CD-HIT, V4.8.1 (+OpenMP), Apr 07 2021, 10:57:21
Command: cd-hit -i output/pool/All_Cas9-Like-filtered.faa -M 0
         -d 0 -c .90 -sc 1 -o
         output/cdhit/Cas9-Like-clustered.faa

Started: Sat Jul  9 19:26:33 2022
================================================================
                            Output                              
----------------------------------------------------------------
total seq: 1
longest and shortest : 1315 and 1315
Total letters: 1315
Sequences have been sorted

Approximated minimal memory consumption:
Sequence        : 0M
Buffer          : 1 X 10M = 10M
Table           : 1 X 65M = 65M
Miscellaneous   : 0M
Total           : 76M

Table limit with the given memory limit:
Max number of representatives: 4000000
Max number of word counting entries: 708157500

comparing sequences from          0  to          1

        1  finished          1  clusters

Approximated maximum memory consumption: 76M
writing new database
writing clustering information
program completed !

Total CPU time 0.06
